Build started 2017-08-09 12:06:04.
     1>Project "C:\Programming\devitahastarna\Project\ProjectFiles\SFML_Project\SFML_Project.vcxproj" on node 2 (Build target(s)).
     1>ClCompile:
         C:\Program Files (x86)\Microsoft Visual Studio 14.0\VC\bin\x86_amd64\CL.exe /c /I"C:\Programming\SFML\SFML-2.4.1\include" /Zi /nologo /W3 /WX- /sdl /O2 /Oi /GL /D _MBCS /Gm- /EHsc /MD /GS /Gy /fp:precise /Zc:wchar_t /Zc:forScope /Zc:inline /Fo"x64\Release\\" /Fd"x64\Release\vc140.pdb" /Gd /TP /errorReport:prompt ..\..\SourceCode\Ship.cpp ..\..\SourceCode\main.cpp ..\..\SourceCode\Program.cpp ..\..\SourceCode\Resources.cpp
         Ship.cpp
         main.cpp
         Program.cpp
         Resources.cpp
       Link:
         C:\Program Files (x86)\Microsoft Visual Studio 14.0\VC\bin\x86_amd64\link.exe /ERRORREPORT:PROMPT /OUT:"C:\Programming\devitahastarna\Project\ProjectFiles\SFML_Project\x64\Release\SFML_Project.exe" /NOLOGO /LIBPATH:"C:\Programming\SFML\SFML-2.4.1\lib" "sfml-graphics.lib" "sfml-window.lib" "sfml-system.lib" "sfml-audio.lib" "sfml-network.lib" kernel32.lib user32.lib gdi32.lib winspool.lib comdlg32.lib advapi32.lib shell32.lib ole32.lib oleaut32.lib uuid.lib odbc32.lib odbccp32.lib /MANIFEST /MANIFESTUAC:"level='asInvoker' uiAccess='false'" /manifest:embed /Debug /PDB:"C:\Programming\devitahastarna\Project\ProjectFiles\SFML_Project\x64\Release\SFML_Project.pdb" /OPT:REF /OPT:ICF /LTCG:incremental /TLBID:1 /DYNAMICBASE /NXCOMPAT /IMPLIB:"C:\Programming\devitahastarna\Project\ProjectFiles\SFML_Project\x64\Release\SFML_Project.lib" /MACHINE:X64 x64\Release\Ship.obj
         x64\Release\main.obj
         x64\Release\Program.obj
         x64\Release\Resources.obj
         Generating code
         302 of 302 functions (100.0%) were compiled, the rest were copied from previous compilation.
           298 functions were new in current compilation
           0 functions had inline decision re-evaluated but remain unchanged
         Finished generating code
         SFML_Project.vcxproj -> C:\Programming\devitahastarna\Project\ProjectFiles\SFML_Project\x64\Release\SFML_Project.exe
     1>Done Building Project "C:\Programming\devitahastarna\Project\ProjectFiles\SFML_Project\SFML_Project.vcxproj" (Build target(s)).

Build succeeded.

Time Elapsed 00:00:03.96
